Arguments: 
  D:\jeecg\Node\node.exe C:\Users\ASUS\AppData\Roaming\npm\node_modules\yarn\bin\yarn.js add ethers@^6.6.0 @openzeppelin/hardhat-upgrades@^3.2.0 @nomicfoundation/hardhat-toolbox@^3.0.0

PATH: 
  C:\Program Files\Go\G0 1.20\bin;C:\Users\ASUS\go\bin;C:\Program Files\Python310\Scripts\;C:\Program Files\Python310\;E:\Python38\Scripts\;E:\Python38\;C:\Users\ASUS\AppData\Local\Programs\Python\Python38\Scripts\;C:\Users\ASUS\AppData\Local\Programs\Python\Python38\;D:\Jetbrains\corretto\jdk11.0.19_7\bin;E:\vmmare\bin\;C:\Program Files (x86)\Common Files\Intel\Shared Libraries\redist\intel64\compiler;C:\Program Files\Common Files\Oracle\Java\javapath;C:\Windows\system32;C:\Windows;C:\Windows\System32\Wbem;C:\Windows\System32\WindowsPowerShell\v1.0\;C:\Windows\System32\OpenSSH\;C:\Program Files (x86)\NVIDIA Corporation\PhysX\Common;C:\Program Files\NVIDIA Corporation\NVIDIA NvDLISR;C:\ProgramData\chocolatey\bin;C:\Program Files (x86)\dotnet\;C:\Program Files\dotnet\;C:\Program Files\Microsoft SQL Server\130\Tools\Binn\;C:\WINDOWS\system32;C:\WINDOWS;C:\WINDOWS\System32\Wbem;C:\WINDOWS\System32\WindowsPowerShell\v1.0\;C:\WINDOWS\System32\OpenSSH\;YSQL_HOME%\bin;C:\Program Files\TortoiseSVN\bin;D:\ChromeCoreDownloads\apache-maven-3.8.3-bin\apache-maven-3.8.3\bin;D:\Jetbrains\corretto\jdk11.0.19_7\bin;D:\jeecg\Node\;OROOT%\bin;E:\Program Files\jdk1.8.0_261\jdk1.8.0_261\bin;C:\Program Files (x86)\Microsoft SQL Server\150\DTS\Binn\;C:\Program Files\Azure Data Studio\bin;C:\Program Files (x86)\Microsoft SQL Server\100\Tools\Binn\;C:\Program Files\Microsoft SQL Server\100\Tools\Binn\;C:\Program Files\Microsoft SQL Server\100\DTS\Binn\;C:\Program Files (x86)\Microsoft SQL Server\100\Tools\Binn\VSShell\Common7\IDE\;C:\Program Files (x86)\Microsoft SQL Server\100\DTS\Binn\;E:\Geth;C:\Users\ASUS\AppData\Roaming\Python;\chromecoredownloads\微信web开发者工具\dll;C:\Pro;ram Files\TortoiseGit\bin;C:\mingw64\bin;D:\Jetbrains\protoc-22.1-win64\bin;D:\Jetbrains\OpenSSL-Win64\bin;\Program Files\Go\G0 1.20\bin;C:\Program Files\Docker\Docker\resources\bin;E:\BaiduNetdiskDownload\;E:\CloudMusic\;C:\Users\ASUS\.cargo\bin;C:\Program Files\Git\cmd;C:\Users\ASUS\foundry;C:\Users\ASUS\.cargo\bin;C:\Program Files\MySQL\MySQL Shell 8.0\bin\;C:\Users\ASUS\AppData\Local\Microsoft\WindowsApps;D:\编程\Microsoft VS Code\bin;C:\Users\ASUS\.dotnet\tools;D:\Jetbrains\GoLand 2022.2.2\bin;;D:\Jetbrains\IntelliJ IDEA 2021.2.3\bin;;D:\Jetbrains\WebStorm 2021.2.3\bin;;C:\Users\ASUS\AppData\Roaming\npm;C:\Program Files\Azure Data Studio\bin;D:\Jetbrains\PyCharm 2023.1.3\bin;;C:\mingw64\bin;D:\jeecg\Node\;C:\Users\ASUS\go\bin;D:\ChromeCoreDownloads\QQGameTempest\Hall.58138\;E:\Work\node_modules\.bin

Yarn version: 
  1.22.17

Node version: 
  16.13.0

Platform: 
  win32 x64

Trace: 
  Error: connect ETIMEDOUT 104.16.2.35:443
      at TCPConnectWrap.afterConnect [as oncomplete] (node:net:1161:16)

npm manifest: 
  {
    "name": "local-uniswap",
    "version": "1.0.0",
    "description": "",
    "main": "index.js",
    "scripts": {
      "test": "echo \"Error: no test specified\" && exit 1"
    },
    "keywords": [],
    "author": "",
    "license": "ISC",
    "devDependencies": {
      "hardhat": "^2.12.6"
    },
    "dependencies": {
      "@openzeppelin/contracts": "^4.8.2",
      "@uniswap/lib": "^4.0.1-alpha",
      "@uniswap/v2-core": "^1.0.1",
      "hardhat-abi-exporter": "^2.10.1"
    }
  }

yarn manifest: 
  No manifest

Lockfile: 
  No lockfile
